{"C:\\Development\\Mestrado\\TesteSoftware\\Unifesp-MestradoTesteSoftware\\S3-Teste-Funcional\\Silly-Pascal\\src\\silly-pascal.ts": {"path":"C:\\Development\\Mestrado\\TesteSoftware\\Unifesp-MestradoTesteSoftware\\S3-Teste-Funcional\\Silly-Pascal\\src\\silly-pascal.ts","statementMap":{"0":{"start":{"line":1,"column":0},"end":{"line":1,"column":31}},"1":{"start":{"line":2,"column":0},"end":{"line":2,"column":69}},"2":{"start":{"line":3,"column":0},"end":{"line":3,"column":71}},"3":{"start":{"line":4,"column":0},"end":{"line":4,"column":76}},"4":{"start":{"line":5,"column":0},"end":{"line":5,"column":81}},"5":{"start":{"line":6,"column":0},"end":{"line":6,"column":0}},"6":{"start":{"line":7,"column":0},"end":{"line":7,"column":46}},"7":{"start":{"line":8,"column":0},"end":{"line":8,"column":44}},"8":{"start":{"line":9,"column":0},"end":{"line":9,"column":62}},"9":{"start":{"line":10,"column":0},"end":{"line":10,"column":2}},"10":{"start":{"line":11,"column":0},"end":{"line":11,"column":19}},"11":{"start":{"line":12,"column":0},"end":{"line":12,"column":1}}},"s":{"0":1,"1":1,"2":1,"3":1,"4":1,"5":1,"6":5,"7":5,"8":5,"9":5,"10":5,"11":5},"branchMap":{"0":{"type":"branch","line":12,"loc":{"start":{"line":12,"column":1},"end":{"line":12,"column":1}},"locations":[{"start":{"line":12,"column":1},"end":{"line":12,"column":1}}]},"1":{"type":"branch","line":7,"loc":{"start":{"line":7,"column":0},"end":{"line":12,"column":1}},"locations":[{"start":{"line":7,"column":0},"end":{"line":12,"column":1}}]},"2":{"type":"branch","line":9,"loc":{"start":{"line":9,"column":48},"end":{"line":9,"column":54}},"locations":[{"start":{"line":9,"column":48},"end":{"line":9,"column":54}}]},"3":{"type":"branch","line":9,"loc":{"start":{"line":9,"column":55},"end":{"line":9,"column":62}},"locations":[{"start":{"line":9,"column":55},"end":{"line":9,"column":62}}]}},"b":{"0":[1],"1":[5],"2":[2],"3":[3]},"fnMap":{"0":{"name":"isValid","decl":{"start":{"line":7,"column":0},"end":{"line":12,"column":1}},"loc":{"start":{"line":7,"column":0},"end":{"line":12,"column":1}},"line":7}},"f":{"0":5}}
}
