<?xml version="1.0" encoding="UTF-8"?>
<coverage generated="1601426286902" clover="3.2.0">
  <project timestamp="1601426286903" name="All files">
    <metrics statements="12" coveredstatements="12" conditionals="4" coveredconditionals="4" methods="3" coveredmethods="3" elements="19" coveredelements="19" complexity="0" loc="12" ncloc="12" packages="1" files="1" classes="1"/>
    <file name="game.ts" path="C:\Development\Mestrado\TesteSoftware\Unifesp-MestradoTesteSoftware\S6-TDD-Kata-Bowling\src\game.ts">
      <metrics statements="12" coveredstatements="12" conditionals="4" coveredconditionals="4" methods="3" coveredmethods="3"/>
      <line num="1" count="2" type="cond" truecount="1" falsecount="0"/>
      <line num="2" count="2" type="stmt"/>
      <line num="3" count="2" type="stmt"/>
      <line num="4" count="2" type="cond" truecount="1" falsecount="0"/>
      <line num="5" count="2" type="stmt"/>
      <line num="6" count="2" type="stmt"/>
      <line num="7" count="2" type="stmt"/>
      <line num="8" count="2" type="cond" truecount="1" falsecount="0"/>
      <line num="9" count="40" type="stmt"/>
      <line num="10" count="40" type="stmt"/>
      <line num="11" count="2" type="stmt"/>
      <line num="12" count="2" type="cond" truecount="1" falsecount="0"/>
    </file>
  </project>
</coverage>
