{"C:\\Development\\Mestrado\\TesteSoftware\\Unifesp-MestradoTesteSoftware\\S3-Teste-Funcional\\src\\odd-even-kata.ts": {"path":"C:\\Development\\Mestrado\\TesteSoftware\\Unifesp-MestradoTesteSoftware\\S3-Teste-Funcional\\src\\odd-even-kata.ts","statementMap":{"0":{"start":{"line":1,"column":0},"end":{"line":1,"column":35}},"1":{"start":{"line":2,"column":0},"end":{"line":2,"column":81}},"2":{"start":{"line":3,"column":0},"end":{"line":3,"column":73}},"3":{"start":{"line":4,"column":0},"end":{"line":4,"column":81}},"4":{"start":{"line":5,"column":0},"end":{"line":5,"column":0}},"5":{"start":{"line":6,"column":0},"end":{"line":6,"column":46}},"6":{"start":{"line":7,"column":0},"end":{"line":7,"column":33}},"7":{"start":{"line":8,"column":0},"end":{"line":8,"column":80}},"8":{"start":{"line":9,"column":0},"end":{"line":9,"column":83}},"9":{"start":{"line":10,"column":0},"end":{"line":10,"column":68}},"10":{"start":{"line":11,"column":0},"end":{"line":11,"column":85}},"11":{"start":{"line":12,"column":0},"end":{"line":12,"column":76}},"12":{"start":{"line":13,"column":0},"end":{"line":13,"column":76}},"13":{"start":{"line":14,"column":0},"end":{"line":14,"column":0}},"14":{"start":{"line":15,"column":0},"end":{"line":15,"column":49}},"15":{"start":{"line":16,"column":0},"end":{"line":16,"column":60}},"16":{"start":{"line":17,"column":0},"end":{"line":17,"column":15}},"17":{"start":{"line":18,"column":0},"end":{"line":18,"column":1}},"18":{"start":{"line":19,"column":0},"end":{"line":19,"column":0}},"19":{"start":{"line":20,"column":0},"end":{"line":20,"column":48}},"20":{"start":{"line":21,"column":0},"end":{"line":21,"column":46}},"21":{"start":{"line":22,"column":0},"end":{"line":22,"column":14}},"22":{"start":{"line":23,"column":0},"end":{"line":23,"column":1}},"23":{"start":{"line":24,"column":0},"end":{"line":24,"column":0}},"24":{"start":{"line":25,"column":0},"end":{"line":25,"column":50}},"25":{"start":{"line":26,"column":0},"end":{"line":26,"column":51}},"26":{"start":{"line":27,"column":0},"end":{"line":27,"column":36}},"27":{"start":{"line":28,"column":0},"end":{"line":28,"column":35}},"28":{"start":{"line":29,"column":0},"end":{"line":29,"column":1}},"29":{"start":{"line":30,"column":0},"end":{"line":30,"column":0}},"30":{"start":{"line":31,"column":0},"end":{"line":31,"column":85}},"31":{"start":{"line":32,"column":0},"end":{"line":32,"column":40}},"32":{"start":{"line":33,"column":0},"end":{"line":33,"column":2}},"33":{"start":{"line":34,"column":0},"end":{"line":34,"column":38}},"34":{"start":{"line":35,"column":0},"end":{"line":35,"column":17}},"35":{"start":{"line":36,"column":0},"end":{"line":36,"column":25}},"36":{"start":{"line":37,"column":0},"end":{"line":37,"column":23}},"37":{"start":{"line":38,"column":0},"end":{"line":38,"column":20}},"38":{"start":{"line":39,"column":0},"end":{"line":39,"column":21}},"39":{"start":{"line":40,"column":0},"end":{"line":40,"column":24}},"40":{"start":{"line":41,"column":0},"end":{"line":41,"column":8}},"41":{"start":{"line":42,"column":0},"end":{"line":42,"column":25}},"42":{"start":{"line":43,"column":0},"end":{"line":43,"column":34}},"43":{"start":{"line":44,"column":0},"end":{"line":44,"column":15}},"44":{"start":{"line":45,"column":0},"end":{"line":45,"column":1}}},"s":{"0":1,"1":1,"2":1,"3":1,"4":1,"5":1,"6":1,"7":1,"8":1,"9":1,"10":1,"11":1,"12":1,"13":1,"14":21,"15":21,"16":21,"17":21,"18":1,"19":4,"20":4,"21":4,"22":4,"23":1,"24":12,"25":12,"26":12,"27":12,"28":12,"29":1,"30":1,"31":1,"32":1,"33":1,"34":1,"35":20,"36":11,"37":11,"38":3,"39":3,"40":0,"41":0,"42":1,"43":1,"44":1},"branchMap":{"0":{"type":"branch","line":45,"loc":{"start":{"line":45,"column":1},"end":{"line":45,"column":1}},"locations":[{"start":{"line":45,"column":1},"end":{"line":45,"column":1}}]},"1":{"type":"branch","line":15,"loc":{"start":{"line":15,"column":0},"end":{"line":18,"column":1}},"locations":[{"start":{"line":15,"column":0},"end":{"line":18,"column":1}}]},"2":{"type":"branch","line":16,"loc":{"start":{"line":16,"column":25},"end":{"line":16,"column":44}},"locations":[{"start":{"line":16,"column":25},"end":{"line":16,"column":44}}]},"3":{"type":"branch","line":16,"loc":{"start":{"line":16,"column":46},"end":{"line":16,"column":52}},"locations":[{"start":{"line":16,"column":46},"end":{"line":16,"column":52}}]},"4":{"type":"branch","line":16,"loc":{"start":{"line":16,"column":53},"end":{"line":16,"column":60}},"locations":[{"start":{"line":16,"column":53},"end":{"line":16,"column":60}}]},"5":{"type":"branch","line":20,"loc":{"start":{"line":20,"column":0},"end":{"line":23,"column":1}},"locations":[{"start":{"line":20,"column":0},"end":{"line":23,"column":1}}]},"6":{"type":"branch","line":21,"loc":{"start":{"line":21,"column":39},"end":{"line":21,"column":46}},"locations":[{"start":{"line":21,"column":39},"end":{"line":21,"column":46}}]},"7":{"type":"branch","line":25,"loc":{"start":{"line":25,"column":0},"end":{"line":29,"column":1}},"locations":[{"start":{"line":25,"column":0},"end":{"line":29,"column":1}}]},"8":{"type":"branch","line":27,"loc":{"start":{"line":27,"column":4},"end":{"line":27,"column":36}},"locations":[{"start":{"line":27,"column":4},"end":{"line":27,"column":36}}]},"9":{"type":"branch","line":27,"loc":{"start":{"line":27,"column":24},"end":{"line":27,"column":36}},"locations":[{"start":{"line":27,"column":24},"end":{"line":27,"column":36}}]},"10":{"type":"branch","line":27,"loc":{"start":{"line":27,"column":36},"end":{"line":28,"column":24}},"locations":[{"start":{"line":27,"column":36},"end":{"line":28,"column":24}}]},"11":{"type":"branch","line":28,"loc":{"start":{"line":28,"column":20},"end":{"line":28,"column":35}},"locations":[{"start":{"line":28,"column":20},"end":{"line":28,"column":35}}]},"12":{"type":"branch","line":31,"loc":{"start":{"line":31,"column":0},"end":{"line":45,"column":1}},"locations":[{"start":{"line":31,"column":0},"end":{"line":45,"column":1}}]},"13":{"type":"branch","line":35,"loc":{"start":{"line":35,"column":4},"end":{"line":42,"column":25}},"locations":[{"start":{"line":35,"column":4},"end":{"line":42,"column":25}}]},"14":{"type":"branch","line":36,"loc":{"start":{"line":36,"column":6},"end":{"line":36,"column":25}},"locations":[{"start":{"line":36,"column":6},"end":{"line":36,"column":25}}]},"15":{"type":"branch","line":36,"loc":{"start":{"line":36,"column":25},"end":{"line":42,"column":25}},"locations":[{"start":{"line":36,"column":25},"end":{"line":42,"column":25}}]},"16":{"type":"branch","line":38,"loc":{"start":{"line":38,"column":6},"end":{"line":38,"column":20}},"locations":[{"start":{"line":38,"column":6},"end":{"line":38,"column":20}}]},"17":{"type":"branch","line":38,"loc":{"start":{"line":38,"column":20},"end":{"line":42,"column":25}},"locations":[{"start":{"line":38,"column":20},"end":{"line":42,"column":25}}]},"18":{"type":"branch","line":40,"loc":{"start":{"line":40,"column":24},"end":{"line":42,"column":25}},"locations":[{"start":{"line":40,"column":24},"end":{"line":42,"column":25}}]}},"b":{"0":[1],"1":[21],"2":[19],"3":[10],"4":[11],"5":[4],"6":[0],"7":[12],"8":[16],"9":[2],"10":[10],"11":[9],"12":[1],"13":[20],"14":[9],"15":[11],"16":[8],"17":[3],"18":[0]},"fnMap":{"0":{"name":"isEven","decl":{"start":{"line":15,"column":0},"end":{"line":18,"column":1}},"loc":{"start":{"line":15,"column":0},"end":{"line":18,"column":1}},"line":15},"1":{"name":"isOdd","decl":{"start":{"line":20,"column":0},"end":{"line":23,"column":1}},"loc":{"start":{"line":20,"column":0},"end":{"line":23,"column":1}},"line":20},"2":{"name":"isPrime","decl":{"start":{"line":25,"column":0},"end":{"line":29,"column":1}},"loc":{"start":{"line":25,"column":0},"end":{"line":29,"column":1}},"line":25},"3":{"name":"getOddEvenKata","decl":{"start":{"line":31,"column":0},"end":{"line":45,"column":1}},"loc":{"start":{"line":31,"column":0},"end":{"line":45,"column":1}},"line":31}},"f":{"0":21,"1":4,"2":12,"3":1}}
}
