TN:
SF:src\odd-even-kata.ts
FN:15,isEven
FN:20,isOdd
FN:25,isPrime
FN:31,getOddEvenKata
FNF:4
FNH:4
FNDA:21,isEven
FNDA:5,isOdd
FNDA:12,isPrime
FNDA:1,getOddEvenKata
DA:1,1
DA:2,1
DA:3,1
DA:4,1
DA:5,1
DA:6,1
DA:7,1
DA:8,1
DA:9,1
DA:10,1
DA:11,1
DA:12,1
DA:13,1
DA:14,1
DA:15,21
DA:16,21
DA:17,21
DA:18,21
DA:19,1
DA:20,5
DA:21,5
DA:22,5
DA:23,5
DA:24,1
DA:25,12
DA:26,12
DA:27,12
DA:28,12
DA:29,12
DA:30,1
DA:31,1
DA:32,1
DA:33,1
DA:34,1
DA:35,1
DA:36,20
DA:37,11
DA:38,11
DA:39,3
DA:40,3
DA:41,0
DA:42,0
DA:43,1
DA:44,1
DA:45,1
LF:45
LH:43
BRDA:45,0,0,1
BRDA:15,1,0,21
BRDA:16,2,0,19
BRDA:16,3,0,10
BRDA:16,4,0,11
BRDA:20,5,0,5
BRDA:21,6,0,0
BRDA:25,7,0,12
BRDA:27,8,0,16
BRDA:27,9,0,2
BRDA:27,10,0,10
BRDA:28,11,0,9
BRDA:31,12,0,1
BRDA:35,13,0,20
BRDA:36,14,0,9
BRDA:36,15,0,11
BRDA:38,16,0,8
BRDA:38,17,0,3
BRDA:40,18,0,0
BRF:19
BRH:17
end_of_record
